GMF
=== PFair Reranking Results ===

Initial proportions: [0.0006699257092971029, 0.0447342222856947, 0.14350606819339506, 0.7561696799237848, 0.036141352758254405, 0.01877875112957396]
Current proportions: [0.0006699257092970962, 0.056040125340280335, 0.1695178031369472, 0.715623338397378, 0.03544698149198858, 0.022701825924108653]
Target proportions: [0.0011269722013523666, 0.07577546420521628, 0.18752012450359556, 0.6658393259632929, 0.03533862831383493, 0.03439948481270795]
Original delta: [0.00045704649205526374, 0.031041241919521574, 0.0440140563102005, -0.09033035396049194, -0.0008027244444194781, 0.015620733683133992]
Proportions delta: [0.00045704649205527035, 0.01973533886493594, 0.018002321366648366, -0.049784012434085145, -0.00010835317815365009, 0.011697658888599298]
Total loss: 45.53768574651805
Completed swaps: 2102
Total iterations: 12870
Execution time: 0.23299932479858398 seconds

GMF2
=== PFair Reranking Results ===

Initial proportions: [0.000625096931836463, 0.04178480415135659, 0.13701728464568358, 0.7363885573303399, 0.07031633481486066, 0.013867922125922581]
Current proportions: [0.0011593177946335467, 0.05649495378026612, 0.17132485085996887, 0.6929092066711569, 0.059704164254951286, 0.018407506639023376]
Target proportions: [0.0011136903404135414, 0.07459041689589008, 0.18836126504488307, 0.6662820185972869, 0.035316059951427, 0.03433654917009943]
Original delta: [0.0004885934085770784, 0.03280561274453349, 0.05134398039919949, -0.07010653873305306, -0.03500027486343366, 0.020468627044176846]
Proportions delta: [-4.5627454220005265e-05, 0.018095463115623954, 0.017036414184914195, -0.02662718807386999, -0.02438810430352429, 0.015929042531076052]
Total loss: 19.509399236936453
Completed swaps: 1983
Total iterations: 12880
Execution time: 0.2500004768371582 seconds




GMF3
=== PFair Reranking Results ===

Initial proportions: [0.0, 0.005448640889873883, 0.1490901471614006, 0.5527499622133702, 0.06563869003216116, 0.227072559703194]
Current proportions: [0.0, 0.008037125816874645, 0.16591429473031452, 0.66719492008533, 0.06100750825974197, 0.09784615110773895]
Target proportions: [0.0011406946159214129, 0.0744672285146814, 0.18754361479413817, 0.6671587310107896, 0.034999194803800524, 0.03469053626066885]
Original delta: [0.0011406946159214129, 0.06901858762480752, 0.038453467632737576, 0.11440876879741935, -0.03063949522836064, -0.19238202344252517]
Proportions delta: [0.0011406946159214129, 0.06643010269780676, 0.021629320063823648, -3.618907454039366e-05, -0.02600831345594145, -0.06315561484707011]
Total loss: 0.0
Completed swaps: 11870
Total iterations: 12880
Execution time: 0.4609992504119873 seconds
